<?xml version="1.0" encoding="UTF-8"?>
<!-- Generated by org.testng.reporters.JUnitXMLReporter -->
<testsuite hostname="DESKTOP-04B9575" ignored="0" name="Default test" tests="3" failures="0" timestamp="2020-03-30T11:04:43 IST" time="45.235" errors="0">
  <testcase name="loginToWordpress" time="16.253" classname="cts.miniproject.test.DdWordpressLogin"/>
  <testcase name="loginToWordpress" time="13.045" classname="cts.miniproject.test.DdWordpressLogin"/>
  <testcase name="loginToWordpress" time="13.247" classname="cts.miniproject.test.DdWordpressLogin"/>
</testsuite> <!-- Default test -->
