<?xml version="1.0" encoding="UTF-8"?>
<testng-results skipped="0" failed="0" ignored="0" total="3" passed="3">
  <reporter-output>
  </reporter-output>
  <suite name="Default suite" duration-ms="45235" started-at="2020-03-30T11:03:58 IST" finished-at="2020-03-30T11:04:43 IST">
    <groups>
    </groups>
    <test name="Default test" duration-ms="45235" started-at="2020-03-30T11:03:58 IST" finished-at="2020-03-30T11:04:43 IST">
      <class name="cts.miniproject.test.DdWordpressLogin">
        <test-method status="PASS" signature="loginToWordpress(java.lang.String, java.lang.String)[pri:0, instance:cts.miniproject.test.DdWordpressLogin@2d8f65a4]" name="loginToWordpress" duration-ms="16253" started-at="2020-03-30T11:03:58 IST" data-provider="wordpress" finished-at="2020-03-30T11:04:14 IST">
          <params>
            <param index="0">
              <value>
                <![CDATA[admin]]>
              </value>
            </param>
            <param index="1">
              <value>
                <![CDATA[demo123]]>
              </value>
            </param>
          </params>
          <reporter-output>
          </reporter-output>
        </test-method> <!-- loginToWordpress -->
        <test-method status="PASS" signature="tearDown()[pri:0, instance:cts.miniproject.test.DdWordpressLogin@2d8f65a4]" name="tearDown" is-config="true" duration-ms="912" started-at="2020-03-30T11:04:14 IST" finished-at="2020-03-30T11:04:15 IST">
          <reporter-output>
          </reporter-output>
        </test-method> <!-- tearDown -->
        <test-method status="PASS" signature="loginToWordpress(java.lang.String, java.lang.String)[pri:0, instance:cts.miniproject.test.DdWordpressLogin@2d8f65a4]" name="loginToWordpress" duration-ms="13045" started-at="2020-03-30T11:04:15 IST" data-provider="wordpress" finished-at="2020-03-30T11:04:28 IST">
          <params>
            <param index="0">
              <value>
                <![CDATA[admin]]>
              </value>
            </param>
            <param index="1">
              <value>
                <![CDATA[demo123]]>
              </value>
            </param>
          </params>
          <reporter-output>
          </reporter-output>
        </test-method> <!-- loginToWordpress -->
        <test-method status="PASS" signature="tearDown()[pri:0, instance:cts.miniproject.test.DdWordpressLogin@2d8f65a4]" name="tearDown" is-config="true" duration-ms="856" started-at="2020-03-30T11:04:28 IST" finished-at="2020-03-30T11:04:29 IST">
          <reporter-output>
          </reporter-output>
        </test-method> <!-- tearDown -->
        <test-method status="PASS" signature="loginToWordpress(java.lang.String, java.lang.String)[pri:0, instance:cts.miniproject.test.DdWordpressLogin@2d8f65a4]" name="loginToWordpress" duration-ms="13247" started-at="2020-03-30T11:04:29 IST" data-provider="wordpress" finished-at="2020-03-30T11:04:42 IST">
          <params>
            <param index="0">
              <value>
                <![CDATA[admin]]>
              </value>
            </param>
            <param index="1">
              <value>
                <![CDATA[demo123]]>
              </value>
            </param>
          </params>
          <reporter-output>
          </reporter-output>
        </test-method> <!-- loginToWordpress -->
        <test-method status="PASS" signature="tearDown()[pri:0, instance:cts.miniproject.test.DdWordpressLogin@2d8f65a4]" name="tearDown" is-config="true" duration-ms="866" started-at="2020-03-30T11:04:42 IST" finished-at="2020-03-30T11:04:43 IST">
          <reporter-output>
          </reporter-output>
        </test-method> <!-- tearDown -->
      </class> <!-- cts.miniproject.test.DdWordpressLogin -->
    </test> <!-- Default test -->
  </suite> <!-- Default suite -->
</testng-results>
